Using pre-set license
Built from '2020.3/staging' branch; Version is '2020.3.6f1 (338bb68529b2) revision 3378102'; Using compiler version '192528614'; Build Type 'Release'
OS: 'Windows 10 Home; OS build 19043.1586; Version 2009; 64bit' Language: 'tr' Physical Memory: 8118 MB
BatchMode: 1, IsHumanControllingUs: 0, StartBugReporterOnCrash: 0, Is64bit: 1, IsPro: 0

 COMMAND LINE ARGUMENTS:
C:\Program Files\Unity\Hub\Editor\2020.3.6f1\Editor\Unity.exe
-adb2
-batchMode
-noUpm
-name
AssetImportWorker0
-projectPath
D:/President Convoy
-logFile
Logs/AssetImportWorker0.log
-srvPort
63086
Successfully changed project path to: D:/President Convoy
D:/President Convoy
Using Asset Import Pipeline V2.
Refreshing native plugins compatible for Editor in 62.94 ms, found 0 plugins.
Preloading 0 native plugins for Editor in 0.00 ms.
Initialize engine version: 2020.3.6f1 (338bb68529b2)
[Subsystems] Discovering subsystems at path C:/Program Files/Unity/Hub/Editor/2020.3.6f1/Editor/Data/Resources/UnitySubsystems
[Subsystems] Discovering subsystems at path D:/President Convoy/Assets
GfxDevice: creating device client; threaded=0
Direct3D:
    Version:  Direct3D 11.0 [level 11.1]
    Renderer: NVIDIA GeForce GTX 1050 Ti (ID=0x1c82)
    Vendor:   
    VRAM:     4018 MB
    Driver:   30.0.15.1123
Initialize mono
Mono path[0] = 'C:/Program Files/Unity/Hub/Editor/2020.3.6f1/Editor/Data/Managed'
Mono path[1] = 'C:/Program Files/Unity/Hub/Editor/2020.3.6f1/Editor/Data/MonoBleedingEdge/lib/mono/unityjit'
Mono config path = 'C:/Program Files/Unity/Hub/Editor/2020.3.6f1/Editor/Data/MonoBleedingEdge/etc'
Using monoOptions --debugger-agent=transport=dt_socket,embedding=1,server=y,suspend=n,address=127.0.0.1:56420
Begin MonoManager ReloadAssembly
Registering precompiled unity dll's ...
Register platform support module: C:/Program Files/Unity/Hub/Editor/2020.3.6f1/Editor/Data/PlaybackEngines/WindowsStandaloneSupport/UnityEditor.WindowsStandalone.Extensions.dll
Registered in 0.004150 seconds.
Native extension for WindowsStandalone target not found
Refreshing native plugins compatible for Editor in 49.56 ms, found 0 plugins.
Preloading 0 native plugins for Editor in 0.00 ms.
Mono: successfully reloaded assembly
- Completed reload, in  3.313 seconds
Platform modules already initialized, skipping
Registering precompiled user dll's ...
Registered in 0.002331 seconds.
Begin MonoManager ReloadAssembly
Native extension for WindowsStandalone target not found
Refreshing native plugins compatible for Editor in 0.63 ms, found 0 plugins.
Preloading 0 native plugins for Editor in 0.00 ms.
Mono: successfully reloaded assembly
- Completed reload, in  1.330 seconds
Platform modules already initialized, skipping
========================================================================
Worker process is ready to serve import requests
Launched and connected shader compiler UnityShaderCompiler.exe after 0.08 seconds
Refreshing native plugins compatible for Editor in 1.07 ms, found 0 plugins.
Preloading 0 native plugins for Editor in 0.00 ms.
Unloading 1642 Unused Serialized files (Serialized files now loaded: 0)
System memory in use before: 73.1 MB.
System memory in use after: 73.1 MB.

Unloading 42 unused Assets to reduce memory usage. Loaded Objects now: 2066.
Total: 6.052000 ms (FindLiveObjects: 0.309000 ms CreateObjectMapping: 0.045000 ms MarkObjects: 5.610800 ms  DeleteObjects: 0.085100 ms)

========================================================================
Received Import Request.
  path: Assets/Stylized Vehicles Pack/Prefabs/Combined/Car5_LOD_combined.prefab
  artifactKey: Guid(e133396edcceac94cbecf9ba5c451fc2) Importer(815301076,1909f56bfc062723c751e8b465ee728b)
Start importing Assets/Stylized Vehicles Pack/Prefabs/Combined/Car5_LOD_combined.prefab using Guid(e133396edcceac94cbecf9ba5c451fc2) Importer(815301076,1909f56bfc062723c751e8b465ee728b)  -> (artifact id: '5a6f720e41ef7e110be6a818b05a11fa') in 0.162673 seconds
  Import took 0.202020 seconds .

========================================================================
Received Import Request.
  Time since last request: 42.081069 seconds.
  path: Assets/Stylized Vehicles Pack/Prefabs/Combined/Car5_LOD_combined.prefab
  artifactKey: Guid(e133396edcceac94cbecf9ba5c451fc2) Importer(815301076,1909f56bfc062723c751e8b465ee728b)
Start importing Assets/Stylized Vehicles Pack/Prefabs/Combined/Car5_LOD_combined.prefab using Guid(e133396edcceac94cbecf9ba5c451fc2) Importer(815301076,1909f56bfc062723c751e8b465ee728b)  -> (artifact id: '48b06cd0c96542d5d20d6b650f0f985f') in 0.021230 seconds
  Import took 0.032014 seconds .

========================================================================
Received Import Request.
  Time since last request: 0.022472 seconds.
  path: Assets/Stylized Vehicles Pack/Prefabs/Combined/Car5_LOD_combined.prefab
  artifactKey: Guid(e133396edcceac94cbecf9ba5c451fc2) Importer(815301076,1909f56bfc062723c751e8b465ee728b)
Start importing Assets/Stylized Vehicles Pack/Prefabs/Combined/Car5_LOD_combined.prefab using Guid(e133396edcceac94cbecf9ba5c451fc2) Importer(815301076,1909f56bfc062723c751e8b465ee728b)  -> (artifact id: '48b06cd0c96542d5d20d6b650f0f985f') in 0.017454 seconds
  Import took 0.022119 seconds .

========================================================================
Received Import Request.
  Time since last request: 14.568801 seconds.
  path: Assets/Stylized Vehicles Pack/Prefabs/Combined/Car5_LOD_combined.prefab
  artifactKey: Guid(e133396edcceac94cbecf9ba5c451fc2) Importer(815301076,1909f56bfc062723c751e8b465ee728b)
Start importing Assets/Stylized Vehicles Pack/Prefabs/Combined/Car5_LOD_combined.prefab using Guid(e133396edcceac94cbecf9ba5c451fc2) Importer(815301076,1909f56bfc062723c751e8b465ee728b)  -> (artifact id: 'b929a0a8f2c250e426326688c2873405') in 0.021960 seconds
  Import took 0.044609 seconds .

========================================================================
Received Import Request.
  Time since last request: 0.001740 seconds.
  path: Assets/Stylized Vehicles Pack/Prefabs/Combined/Car5_LOD_combined.prefab
  artifactKey: Guid(e133396edcceac94cbecf9ba5c451fc2) Importer(815301076,1909f56bfc062723c751e8b465ee728b)
Start importing Assets/Stylized Vehicles Pack/Prefabs/Combined/Car5_LOD_combined.prefab using Guid(e133396edcceac94cbecf9ba5c451fc2) Importer(815301076,1909f56bfc062723c751e8b465ee728b)  -> (artifact id: 'b929a0a8f2c250e426326688c2873405') in 0.017018 seconds
  Import took 0.023007 seconds .

========================================================================
Received Import Request.
  Time since last request: 32.280114 seconds.
  path: Assets/timeManager.cs
  artifactKey: Guid(df5cd141a6550aa4da1675e885086e28) Importer(815301076,1909f56bfc062723c751e8b465ee728b)
Start importing Assets/timeManager.cs using Guid(df5cd141a6550aa4da1675e885086e28) Importer(815301076,1909f56bfc062723c751e8b465ee728b)  -> (artifact id: '25a25740a00d62261b00fc70b742c24c') in 0.014991 seconds
  Import took 0.036318 seconds .

========================================================================
Received Prepare
Registering precompiled user dll's ...
Registered in 0.002358 seconds.
Begin MonoManager ReloadAssembly
Native extension for WindowsStandalone target not found
Refreshing native plugins compatible for Editor in 0.88 ms, found 0 plugins.
Preloading 0 native plugins for Editor in 0.00 ms.
Mono: successfully reloaded assembly
- Completed reload, in  1.295 seconds
Platform modules already initialized, skipping
Refreshing native plugins compatible for Editor in 0.66 ms, found 0 plugins.
Preloading 0 native plugins for Editor in 0.00 ms.
Unloading 1635 Unused Serialized files (Serialized files now loaded: 0)
System memory in use before: 76.0 MB.
System memory in use after: 76.1 MB.

Unloading 33 unused Assets to reduce memory usage. Loaded Objects now: 2076.
Total: 5.719200 ms (FindLiveObjects: 0.211000 ms CreateObjectMapping: 0.044000 ms MarkObjects: 5.435000 ms  DeleteObjects: 0.027800 ms)

========================================================================
Received Import Request.
  Time since last request: 20.871564 seconds.
  path: Assets/Scripts/DestroyCars.cs
  artifactKey: Guid(f7a6248760727914683592a7f72cc1aa) Importer(815301076,1909f56bfc062723c751e8b465ee728b)
Start importing Assets/Scripts/DestroyCars.cs using Guid(f7a6248760727914683592a7f72cc1aa) Importer(815301076,1909f56bfc062723c751e8b465ee728b)  -> (artifact id: '09ec8293219fb90d1129f0db4e80ccae') in 0.007893 seconds
  Import took 0.024287 seconds .

========================================================================
Received Prepare
Registering precompiled user dll's ...
Registered in 0.002782 seconds.
Begin MonoManager ReloadAssembly
Native extension for WindowsStandalone target not found
Refreshing native plugins compatible for Editor in 0.69 ms, found 0 plugins.
Preloading 0 native plugins for Editor in 0.00 ms.
Mono: successfully reloaded assembly
- Completed reload, in  1.312 seconds
Platform modules already initialized, skipping
Refreshing native plugins compatible for Editor in 0.69 ms, found 0 plugins.
Preloading 0 native plugins for Editor in 0.00 ms.
Unloading 1636 Unused Serialized files (Serialized files now loaded: 0)
System memory in use before: 76.0 MB.
System memory in use after: 76.1 MB.

Unloading 33 unused Assets to reduce memory usage. Loaded Objects now: 2080.
Total: 8.659300 ms (FindLiveObjects: 0.209100 ms CreateObjectMapping: 0.042800 ms MarkObjects: 8.369400 ms  DeleteObjects: 0.036400 ms)

========================================================================
Received Prepare
Registering precompiled user dll's ...
Registered in 0.038205 seconds.
Begin MonoManager ReloadAssembly
Native extension for WindowsStandalone target not found
Refreshing native plugins compatible for Editor in 0.84 ms, found 0 plugins.
Preloading 0 native plugins for Editor in 0.00 ms.
Mono: successfully reloaded assembly
- Completed reload, in  1.708 seconds
Platform modules already initialized, skipping
Refreshing native plugins compatible for Editor in 1.29 ms, found 0 plugins.
Preloading 0 native plugins for Editor in 0.00 ms.
Unloading 1645 Unused Serialized files (Serialized files now loaded: 0)
System memory in use before: 76.3 MB.
System memory in use after: 76.4 MB.

Unloading 33 unused Assets to reduce memory usage. Loaded Objects now: 2092.
Total: 9.880000 ms (FindLiveObjects: 0.338200 ms CreateObjectMapping: 0.071800 ms MarkObjects: 9.420000 ms  DeleteObjects: 0.044700 ms)

========================================================================
Received Prepare
Registering precompiled user dll's ...
Registered in 0.002800 seconds.
Begin MonoManager ReloadAssembly
Native extension for WindowsStandalone target not found
Refreshing native plugins compatible for Editor in 0.68 ms, found 0 plugins.
Preloading 0 native plugins for Editor in 0.00 ms.
Mono: successfully reloaded assembly
- Completed reload, in  1.262 seconds
Platform modules already initialized, skipping
Refreshing native plugins compatible for Editor in 1.01 ms, found 0 plugins.
Preloading 0 native plugins for Editor in 0.00 ms.
Unloading 1645 Unused Serialized files (Serialized files now loaded: 0)
System memory in use before: 76.3 MB.
System memory in use after: 76.4 MB.

Unloading 33 unused Assets to reduce memory usage. Loaded Objects now: 2095.
Total: 6.187400 ms (FindLiveObjects: 0.280000 ms CreateObjectMapping: 0.054000 ms MarkObjects: 5.825100 ms  DeleteObjects: 0.027000 ms)

========================================================================
Received Import Request.
  Time since last request: 479.716920 seconds.
  path: Assets/Scripts/DestroyCars.cs
  artifactKey: Guid(f7a6248760727914683592a7f72cc1aa) Importer(815301076,1909f56bfc062723c751e8b465ee728b)
Start importing Assets/Scripts/DestroyCars.cs using Guid(f7a6248760727914683592a7f72cc1aa) Importer(815301076,1909f56bfc062723c751e8b465ee728b)  -> (artifact id: '57dfc4b5c57a65d1a377954203b58853') in 0.006360 seconds
  Import took 0.010442 seconds .

========================================================================
Received Import Request.
  Time since last request: 51.081591 seconds.
  path: Assets/Mirza Beig
  artifactKey: Guid(bfb67d8ce60ff374e9e8e7cb8a453706) Importer(815301076,1909f56bfc062723c751e8b465ee728b)
Start importing Assets/Mirza Beig using Guid(bfb67d8ce60ff374e9e8e7cb8a453706) Importer(815301076,1909f56bfc062723c751e8b465ee728b)  -> (artifact id: '3d225eb86b6b1e87016ced7e015e3cf7') in 0.036109 seconds
  Import took 0.039650 seconds .

========================================================================
Received Import Request.
  Time since last request: 1.143911 seconds.
  path: Assets/Mirza Beig/Particle Systems
  artifactKey: Guid(8402ceaa00960f64e8dffafe239558ad) Importer(815301076,1909f56bfc062723c751e8b465ee728b)
Start importing Assets/Mirza Beig/Particle Systems using Guid(8402ceaa00960f64e8dffafe239558ad) Importer(815301076,1909f56bfc062723c751e8b465ee728b)  -> (artifact id: '537616a565e65b0995942ed374c8a350') in 0.003304 seconds
  Import took 0.007745 seconds .

========================================================================
Received Import Request.
  Time since last request: 1.159906 seconds.
  path: Assets/Mirza Beig/Particle Systems/Inferno VFX
  artifactKey: Guid(5383c8e260d58854ebfba5b957b37ed6) Importer(815301076,1909f56bfc062723c751e8b465ee728b)
Start importing Assets/Mirza Beig/Particle Systems/Inferno VFX using Guid(5383c8e260d58854ebfba5b957b37ed6) Importer(815301076,1909f56bfc062723c751e8b465ee728b)  -> (artifact id: 'f94e79679050230b6a83f1303a59065e') in 0.029086 seconds
  Import took 0.033837 seconds .

========================================================================
Received Import Request.
  Time since last request: 1.853490 seconds.
  path: Assets/Mirza Beig/Particle Systems/Inferno VFX/Prefabs
  artifactKey: Guid(c6e32fe2e378ddf42ab9bb4da9b6a8da) Importer(815301076,1909f56bfc062723c751e8b465ee728b)
Start importing Assets/Mirza Beig/Particle Systems/Inferno VFX/Prefabs using Guid(c6e32fe2e378ddf42ab9bb4da9b6a8da) Importer(815301076,1909f56bfc062723c751e8b465ee728b)  -> (artifact id: '6e5564b6c1c30da22b887de0da99940e') in 0.004453 seconds
  Import took 0.009084 seconds .

========================================================================
Received Import Request.
  Time since last request: 2.046658 seconds.
  path: Assets/Mirza Beig/Particle Systems/Inferno VFX/Prefabs/Oneshot
  artifactKey: Guid(e84ab535a87a4084b8aeeac17890f712) Importer(815301076,1909f56bfc062723c751e8b465ee728b)
Start importing Assets/Mirza Beig/Particle Systems/Inferno VFX/Prefabs/Oneshot using Guid(e84ab535a87a4084b8aeeac17890f712) Importer(815301076,1909f56bfc062723c751e8b465ee728b)  -> (artifact id: 'ac83621da35362544877fb8b75473993') in 0.013568 seconds
  Import took 0.017699 seconds .

========================================================================
Received Import Request.
  Time since last request: 0.064058 seconds.
  path: Assets/Mirza Beig/Particle Systems/Inferno VFX/Prefabs/Oneshot/pf_vfx-inf_psys_demo_oneshot_ancient.prefab
  artifactKey: Guid(03ae7ce3c7c64ec42a63747fbf8cd5f6) Importer(815301076,1909f56bfc062723c751e8b465ee728b)
Start importing Assets/Mirza Beig/Particle Systems/Inferno VFX/Prefabs/Oneshot/pf_vfx-inf_psys_demo_oneshot_ancient.prefab using Guid(03ae7ce3c7c64ec42a63747fbf8cd5f6) Importer(815301076,1909f56bfc062723c751e8b465ee728b)  -> (artifact id: '16e57c6d9c42943183c2c4dfb230fc1f') in 0.040245 seconds
  Import took 0.044403 seconds .

========================================================================
Received Import Request.
  Time since last request: 0.000280 seconds.
  path: Assets/Mirza Beig/Particle Systems/Inferno VFX/Prefabs/Oneshot/pf_vfx-inf_psys_demo_oneshot_ultranova2.prefab
  artifactKey: Guid(d58b2e279376a814faf2e5a6ff13a127) Importer(815301076,1909f56bfc062723c751e8b465ee728b)
Start importing Assets/Mirza Beig/Particle Systems/Inferno VFX/Prefabs/Oneshot/pf_vfx-inf_psys_demo_oneshot_ultranova2.prefab using Guid(d58b2e279376a814faf2e5a6ff13a127) Importer(815301076,1909f56bfc062723c751e8b465ee728b)  -> (artifact id: '37e195b4f477001ca3347670d4a7f4e0') in 0.017297 seconds
  Import took 0.022365 seconds .

========================================================================
Received Import Request.
  Time since last request: 0.000282 seconds.
  path: Assets/Mirza Beig/Particle Systems/Inferno VFX/Prefabs/Oneshot/pf_vfx-inf_psys_demo_oneshot_muzzleFlash2-add.prefab
  artifactKey: Guid(0b1c46bd2577c5e4a89c617ba2906caa) Importer(815301076,1909f56bfc062723c751e8b465ee728b)
Start importing Assets/Mirza Beig/Particle Systems/Inferno VFX/Prefabs/Oneshot/pf_vfx-inf_psys_demo_oneshot_muzzleFlash2-add.prefab using Guid(0b1c46bd2577c5e4a89c617ba2906caa) Importer(815301076,1909f56bfc062723c751e8b465ee728b)  -> (artifact id: 'c2973c070c404cfc6336322118ddd669') in 0.023529 seconds
  Import took 0.028509 seconds .

========================================================================
Received Import Request.
  Time since last request: 0.000303 seconds.
  path: Assets/Mirza Beig/Particle Systems/Inferno VFX/Prefabs/Oneshot/pf_vfx-inf_psys_demo_oneshot_flashBang-add.prefab
  artifactKey: Guid(28a8738b2fd55944f9d5f2d4beb38fb5) Importer(815301076,1909f56bfc062723c751e8b465ee728b)
Start importing Assets/Mirza Beig/Particle Systems/Inferno VFX/Prefabs/Oneshot/pf_vfx-inf_psys_demo_oneshot_flashBang-add.prefab using Guid(28a8738b2fd55944f9d5f2d4beb38fb5) Importer(815301076,1909f56bfc062723c751e8b465ee728b)  -> (artifact id: 'a1826d14c46bc344377800d6eaf0c927') in 0.014150 seconds
  Import took 0.020657 seconds .

========================================================================
Received Import Request.
  Time since last request: 0.000411 seconds.
  path: Assets/Mirza Beig/Particle Systems/Inferno VFX/Prefabs/Oneshot/pf_vfx-inf_psys_demo_oneshot_flashBang2.prefab
  artifactKey: Guid(1217dbe974e5c354fb4cd2495c6602fa) Importer(815301076,1909f56bfc062723c751e8b465ee728b)
Start importing Assets/Mirza Beig/Particle Systems/Inferno VFX/Prefabs/Oneshot/pf_vfx-inf_psys_demo_oneshot_flashBang2.prefab using Guid(1217dbe974e5c354fb4cd2495c6602fa) Importer(815301076,1909f56bfc062723c751e8b465ee728b)  -> (artifact id: 'd6e9063a7687e2899339e4a3fb522600') in 0.014388 seconds
  Import took 0.018542 seconds .

========================================================================
Received Import Request.
  Time since last request: 0.000321 seconds.
  path: Assets/Mirza Beig/Particle Systems/Inferno VFX/Prefabs/Oneshot/pf_vfx-inf_psys_demo_oneshot_shockwaveBlast.prefab
  artifactKey: Guid(aa72b142de5d2c54b8124093ff9af53b) Importer(815301076,1909f56bfc062723c751e8b465ee728b)
Start importing Assets/Mirza Beig/Particle Systems/Inferno VFX/Prefabs/Oneshot/pf_vfx-inf_psys_demo_oneshot_shockwaveBlast.prefab using Guid(aa72b142de5d2c54b8124093ff9af53b) Importer(815301076,1909f56bfc062723c751e8b465ee728b)  -> (artifact id: '7c46055ea785fbdc4efe966ad65227f7') in 0.013111 seconds
  Import took 0.017722 seconds .

========================================================================
Received Import Request.
  Time since last request: 0.000444 seconds.
  path: Assets/Mirza Beig/Particle Systems/Inferno VFX/Prefabs/Oneshot/pf_vfx-inf_psys_demo_oneshot_muzzleFlash.prefab
  artifactKey: Guid(de2902cbd29e98240b36c685c0d96521) Importer(815301076,1909f56bfc062723c751e8b465ee728b)
Start importing Assets/Mirza Beig/Particle Systems/Inferno VFX/Prefabs/Oneshot/pf_vfx-inf_psys_demo_oneshot_muzzleFlash.prefab using Guid(de2902cbd29e98240b36c685c0d96521) Importer(815301076,1909f56bfc062723c751e8b465ee728b)  -> (artifact id: '1493778b752d9adf2a83929e0c7e70e8') in 0.018067 seconds
  Import took 0.021908 seconds .

========================================================================
Received Import Request.
  Time since last request: 0.000310 seconds.
  path: Assets/Mirza Beig/Particle Systems/Inferno VFX/Prefabs/Oneshot/pf_vfx-inf_psys_demo_oneshot_comicExplosion3.prefab
  artifactKey: Guid(ab991bab333298d498ffa1fce6067948) Importer(815301076,1909f56bfc062723c751e8b465ee728b)
Start importing Assets/Mirza Beig/Particle Systems/Inferno VFX/Prefabs/Oneshot/pf_vfx-inf_psys_demo_oneshot_comicExplosion3.prefab using Guid(ab991bab333298d498ffa1fce6067948) Importer(815301076,1909f56bfc062723c751e8b465ee728b)  -> (artifact id: 'fa630c6dd752f4f2636d47b27bf39ab8') in 0.020473 seconds
  Import took 0.024807 seconds .

========================================================================
Received Import Request.
  Time since last request: 0.000357 seconds.
  path: Assets/Mirza Beig/Particle Systems/Inferno VFX/Prefabs/Oneshot/pf_vfx-inf_psys_demo_oneshot_fire3.prefab
  artifactKey: Guid(a88461c4688ac2e499c928197a43211c) Importer(815301076,1909f56bfc062723c751e8b465ee728b)
Start importing Assets/Mirza Beig/Particle Systems/Inferno VFX/Prefabs/Oneshot/pf_vfx-inf_psys_demo_oneshot_fire3.prefab using Guid(a88461c4688ac2e499c928197a43211c) Importer(815301076,1909f56bfc062723c751e8b465ee728b)  -> (artifact id: 'eaa1ad3663ac79ec6f565d37337c9be5') in 0.007315 seconds
  Import took 0.011889 seconds .

========================================================================
Received Import Request.
  Time since last request: 0.001134 seconds.
  path: Assets/Mirza Beig/Particle Systems/Inferno VFX/Prefabs/Oneshot/pf_vfx-inf_psys_demo_oneshot_flashBang3.prefab
  artifactKey: Guid(2f2c85c180e8bf24098115c88db09ef6) Importer(815301076,1909f56bfc062723c751e8b465ee728b)
Start importing Assets/Mirza Beig/Particle Systems/Inferno VFX/Prefabs/Oneshot/pf_vfx-inf_psys_demo_oneshot_flashBang3.prefab using Guid(2f2c85c180e8bf24098115c88db09ef6) Importer(815301076,1909f56bfc062723c751e8b465ee728b)  -> (artifact id: '9b095de3e5c9eec39b2c6fc4042fce3f') in 0.008279 seconds
  Import took 0.013269 seconds .

========================================================================
Received Import Request.
  Time since last request: 0.000655 seconds.
  path: Assets/Mirza Beig/Particle Systems/Inferno VFX/Prefabs/Oneshot/pf_vfx-inf_psys_demo_oneshot_fire2.prefab
  artifactKey: Guid(3f47dc6e2f1a22f46b27e08d15760f5c) Importer(815301076,1909f56bfc062723c751e8b465ee728b)
Start importing Assets/Mirza Beig/Particle Systems/Inferno VFX/Prefabs/Oneshot/pf_vfx-inf_psys_demo_oneshot_fire2.prefab using Guid(3f47dc6e2f1a22f46b27e08d15760f5c) Importer(815301076,1909f56bfc062723c751e8b465ee728b)  -> (artifact id: '167ffbd9b1a5e6bb48f2d48840923887') in 0.006928 seconds
  Import took 0.012384 seconds .

========================================================================
Received Import Request.
  Time since last request: 0.000298 seconds.
  path: Assets/Mirza Beig/Particle Systems/Inferno VFX/Prefabs/Oneshot/pf_vfx-inf_psys_demo_oneshot_comicExplosion2-x2.prefab
  artifactKey: Guid(2f7b075e2352d564ba0e9b3bcb803562) Importer(815301076,1909f56bfc062723c751e8b465ee728b)
Start importing Assets/Mirza Beig/Particle Systems/Inferno VFX/Prefabs/Oneshot/pf_vfx-inf_psys_demo_oneshot_comicExplosion2-x2.prefab using Guid(2f7b075e2352d564ba0e9b3bcb803562) Importer(815301076,1909f56bfc062723c751e8b465ee728b)  -> (artifact id: '78a878e946a33e9a0c61fe370fb8e855') in 0.012040 seconds
  Import took 0.016380 seconds .

========================================================================
Received Import Request.
  Time since last request: 0.000316 seconds.
  path: Assets/Mirza Beig/Particle Systems/Inferno VFX/Prefabs/Oneshot/pf_vfx-inf_psys_demo_oneshot_comicExplosion2-x5.prefab
  artifactKey: Guid(ed04818054a5e684f84f31ab41d675d8) Importer(815301076,1909f56bfc062723c751e8b465ee728b)
Start importing Assets/Mirza Beig/Particle Systems/Inferno VFX/Prefabs/Oneshot/pf_vfx-inf_psys_demo_oneshot_comicExplosion2-x5.prefab using Guid(ed04818054a5e684f84f31ab41d675d8) Importer(815301076,1909f56bfc062723c751e8b465ee728b)  -> (artifact id: '0554e5cf8332693b41d6dd3a1d10f81c') in 0.007849 seconds
  Import took 0.012193 seconds .

========================================================================
Received Import Request.
  Time since last request: 0.000309 seconds.
  path: Assets/Mirza Beig/Particle Systems/Inferno VFX/Prefabs/Oneshot/pf_vfx-inf_psys_demo_oneshot_fire.prefab
  artifactKey: Guid(40276876051cfed47a5fd79b980364a6) Importer(815301076,1909f56bfc062723c751e8b465ee728b)
Start importing Assets/Mirza Beig/Particle Systems/Inferno VFX/Prefabs/Oneshot/pf_vfx-inf_psys_demo_oneshot_fire.prefab using Guid(40276876051cfed47a5fd79b980364a6) Importer(815301076,1909f56bfc062723c751e8b465ee728b)  -> (artifact id: 'eee39be60643c163d7b79c2efd85faf8') in 0.013205 seconds
  Import took 0.018131 seconds .

========================================================================
Received Import Request.
  Time since last request: 0.001200 seconds.
  path: Assets/Mirza Beig/Particle Systems/Inferno VFX/Prefabs/Oneshot/pf_vfx-inf_psys_demo_oneshot_flashBang3-x2.prefab
  artifactKey: Guid(f9a61b88ad2d17f44a9acbe2c3c436de) Importer(815301076,1909f56bfc062723c751e8b465ee728b)
Start importing Assets/Mirza Beig/Particle Systems/Inferno VFX/Prefabs/Oneshot/pf_vfx-inf_psys_demo_oneshot_flashBang3-x2.prefab using Guid(f9a61b88ad2d17f44a9acbe2c3c436de) Importer(815301076,1909f56bfc062723c751e8b465ee728b)  -> (artifact id: 'c2f18332c2730613a4c7596785505fad') in 0.009948 seconds
  Import took 0.016147 seconds .

========================================================================
Received Import Request.
  Time since last request: 0.000350 seconds.
  path: Assets/Mirza Beig/Particle Systems/Inferno VFX/Prefabs/Oneshot/pf_vfx-inf_psys_demo_oneshot_flashBang3-add.prefab
  artifactKey: Guid(b43bba57ab591f543b80ae5c7d990af5) Importer(815301076,1909f56bfc062723c751e8b465ee728b)
Start importing Assets/Mirza Beig/Particle Systems/Inferno VFX/Prefabs/Oneshot/pf_vfx-inf_psys_demo_oneshot_flashBang3-add.prefab using Guid(b43bba57ab591f543b80ae5c7d990af5) Importer(815301076,1909f56bfc062723c751e8b465ee728b)  -> (artifact id: 'b785652268a91a75630130aeee114c73') in 0.013926 seconds
  Import took 0.019005 seconds .

========================================================================
Received Import Request.
  Time since last request: 0.000318 seconds.
  path: Assets/Mirza Beig/Particle Systems/Inferno VFX/Prefabs/Oneshot/pf_vfx-inf_psys_demo_oneshot_flashBang2-x2.prefab
  artifactKey: Guid(1629070832d55db43bff98db26d25e83) Importer(815301076,1909f56bfc062723c751e8b465ee728b)
Start importing Assets/Mirza Beig/Particle Systems/Inferno VFX/Prefabs/Oneshot/pf_vfx-inf_psys_demo_oneshot_flashBang2-x2.prefab using Guid(1629070832d55db43bff98db26d25e83) Importer(815301076,1909f56bfc062723c751e8b465ee728b)  -> (artifact id: 'd08abb61357abade94cca645f410e3f5') in 0.009533 seconds
  Import took 0.022637 seconds .

========================================================================
Received Import Request.
  Time since last request: 0.000217 seconds.
  path: Assets/Mirza Beig/Particle Systems/Inferno VFX/Prefabs/Oneshot/pf_vfx-inf_psys_demo_oneshot_comicExplosion-x2.prefab
  artifactKey: Guid(1ec9d345cb4f93145a37fa0bcf0a0b9c) Importer(815301076,1909f56bfc062723c751e8b465ee728b)
Start importing Assets/Mirza Beig/Particle Systems/Inferno VFX/Prefabs/Oneshot/pf_vfx-inf_psys_demo_oneshot_comicExplosion-x2.prefab using Guid(1ec9d345cb4f93145a37fa0bcf0a0b9c) Importer(815301076,1909f56bfc062723c751e8b465ee728b)  -> (artifact id: 'fabceab9ad0a489adda77a7a5346ffb5') in 0.018369 seconds
  Import took 0.022336 seconds .

========================================================================
Received Import Request.
  Time since last request: 0.000315 seconds.
  path: Assets/Mirza Beig/Particle Systems/Inferno VFX/Prefabs/Oneshot/pf_vfx-inf_psys_demo_oneshot_plasmaBurst3.prefab
  artifactKey: Guid(3f931ff67d6e8034ba81ca921e636397) Importer(815301076,1909f56bfc062723c751e8b465ee728b)
Start importing Assets/Mirza Beig/Particle Systems/Inferno VFX/Prefabs/Oneshot/pf_vfx-inf_psys_demo_oneshot_plasmaBurst3.prefab using Guid(3f931ff67d6e8034ba81ca921e636397) Importer(815301076,1909f56bfc062723c751e8b465ee728b)  -> (artifact id: 'e534264bdb39b00d6c5cea925ecb9769') in 0.026364 seconds
  Import took 0.030146 seconds .

========================================================================
Received Import Request.
  Time since last request: 0.000304 seconds.
  path: Assets/Mirza Beig/Particle Systems/Inferno VFX/Prefabs/Oneshot/pf_vfx-inf_psys_demo_oneshot_explosion.prefab
  artifactKey: Guid(ba719c5f4986c8e49a49e802e78a896d) Importer(815301076,1909f56bfc062723c751e8b465ee728b)
Start importing Assets/Mirza Beig/Particle Systems/Inferno VFX/Prefabs/Oneshot/pf_vfx-inf_psys_demo_oneshot_explosion.prefab using Guid(ba719c5f4986c8e49a49e802e78a896d) Importer(815301076,1909f56bfc062723c751e8b465ee728b)  -> (artifact id: '1ef2964c429fc6f05f7f4db6c3050ea1') in 0.008880 seconds
  Import took 0.013582 seconds .

========================================================================
Received Import Request.
  Time since last request: 0.000436 seconds.
  path: Assets/Mirza Beig/Particle Systems/Inferno VFX/Prefabs/Oneshot/pf_vfx-inf_psys_demo_oneshot_explosion2-large.prefab
  artifactKey: Guid(fa024fed0df35984aad2a07d5fe50420) Importer(815301076,1909f56bfc062723c751e8b465ee728b)
Start importing Assets/Mirza Beig/Particle Systems/Inferno VFX/Prefabs/Oneshot/pf_vfx-inf_psys_demo_oneshot_explosion2-large.prefab using Guid(fa024fed0df35984aad2a07d5fe50420) Importer(815301076,1909f56bfc062723c751e8b465ee728b)  -> (artifact id: 'cadcf6624c302cfb266adbf8e80f6006') in 0.006938 seconds
  Import took 0.012400 seconds .

========================================================================
Received Import Request.
  Time since last request: 0.000299 seconds.
  path: Assets/Mirza Beig/Particle Systems/Inferno VFX/Prefabs/Oneshot/pf_vfx-inf_psys_demo_oneshot_flashBang2-add-x2.prefab
  artifactKey: Guid(7d1fc5ab8ae313f40b632d096c6a7faa) Importer(815301076,1909f56bfc062723c751e8b465ee728b)
Start importing Assets/Mirza Beig/Particle Systems/Inferno VFX/Prefabs/Oneshot/pf_vfx-inf_psys_demo_oneshot_flashBang2-add-x2.prefab using Guid(7d1fc5ab8ae313f40b632d096c6a7faa) Importer(815301076,1909f56bfc062723c751e8b465ee728b)  -> (artifact id: 'ad20996d369ba2a6a61a27e295466478') in 0.007436 seconds
  Import took 0.013903 seconds .

========================================================================
Received Import Request.
  Time since last request: 0.000763 seconds.
  path: Assets/Mirza Beig/Particle Systems/Inferno VFX/Prefabs/Oneshot/pf_vfx-inf_psys_demo_oneshot_flashBang.prefab
  artifactKey: Guid(e2c6bdc8b7c39da42b885d093f93ee5d) Importer(815301076,1909f56bfc062723c751e8b465ee728b)
Start importing Assets/Mirza Beig/Particle Systems/Inferno VFX/Prefabs/Oneshot/pf_vfx-inf_psys_demo_oneshot_flashBang.prefab using Guid(e2c6bdc8b7c39da42b885d093f93ee5d) Importer(815301076,1909f56bfc062723c751e8b465ee728b)  -> (artifact id: '09ee80fa9b27edf05d1009ed3e6b5357') in 0.006640 seconds
  Import took 0.012725 seconds .

========================================================================
Received Import Request.
  Time since last request: 0.000283 seconds.
  path: Assets/Mirza Beig/Particle Systems/Inferno VFX/Prefabs/Oneshot/pf_vfx-inf_psys_demo_oneshot_muzzleFlash3-add.prefab
  artifactKey: Guid(50b469ba1ad457c4984153c2618031ea) Importer(815301076,1909f56bfc062723c751e8b465ee728b)
Start importing Assets/Mirza Beig/Particle Systems/Inferno VFX/Prefabs/Oneshot/pf_vfx-inf_psys_demo_oneshot_muzzleFlash3-add.prefab using Guid(50b469ba1ad457c4984153c2618031ea) Importer(815301076,1909f56bfc062723c751e8b465ee728b)  -> (artifact id: '66dc07ffa86ed8e54f2c57d5c9a8d34e') in 0.008572 seconds
  Import took 0.014118 seconds .

========================================================================
Received Import Request.
  Time since last request: 0.000353 seconds.
  path: Assets/Mirza Beig/Particle Systems/Inferno VFX/Prefabs/Oneshot/pf_vfx-inf_psys_demo_oneshot_muzzleFlash-add.prefab
  artifactKey: Guid(0d9e1f8f43092ee4ea90df692055c3e0) Importer(815301076,1909f56bfc062723c751e8b465ee728b)
Start importing Assets/Mirza Beig/Particle Systems/Inferno VFX/Prefabs/Oneshot/pf_vfx-inf_psys_demo_oneshot_muzzleFlash-add.prefab using Guid(0d9e1f8f43092ee4ea90df692055c3e0) Importer(815301076,1909f56bfc062723c751e8b465ee728b)  -> (artifact id: 'b5df97c184ac50fe87e3f538ab0c8779') in 0.020504 seconds
  Import took 0.025099 seconds .

========================================================================
Received Import Request.
  Time since last request: 0.000377 seconds.
  path: Assets/Mirza Beig/Particle Systems/Inferno VFX/Prefabs/Oneshot/pf_vfx-inf_psys_demo_oneshot_breathOfFire.prefab
  artifactKey: Guid(fdaa25090afb4f242806312977d4f495) Importer(815301076,1909f56bfc062723c751e8b465ee728b)
Start importing Assets/Mirza Beig/Particle Systems/Inferno VFX/Prefabs/Oneshot/pf_vfx-inf_psys_demo_oneshot_breathOfFire.prefab using Guid(fdaa25090afb4f242806312977d4f495) Importer(815301076,1909f56bfc062723c751e8b465ee728b)  -> (artifact id: '94c6fdf517f3a163b2f09b49d0d61cfd') in 0.008464 seconds
  Import took 0.012732 seconds .

========================================================================
Received Import Request.
  Time since last request: 0.000349 seconds.
  path: Assets/Mirza Beig/Particle Systems/Inferno VFX/Prefabs/Oneshot/pf_vfx-inf_psys_demo_oneshot_flashBang-x2.prefab
  artifactKey: Guid(2cdcd8208e175e849af75420f2762311) Importer(815301076,1909f56bfc062723c751e8b465ee728b)
Start importing Assets/Mirza Beig/Particle Systems/Inferno VFX/Prefabs/Oneshot/pf_vfx-inf_psys_demo_oneshot_flashBang-x2.prefab using Guid(2cdcd8208e175e849af75420f2762311) Importer(815301076,1909f56bfc062723c751e8b465ee728b)  -> (artifact id: '1104d24b6e9acc980caba4621f475c10') in 0.008405 seconds
  Import took 0.013034 seconds .

========================================================================
Received Import Request.
  Time since last request: 0.000300 seconds.
  path: Assets/Mirza Beig/Particle Systems/Inferno VFX/Prefabs/Oneshot/pf_vfx-inf_psys_demo_oneshot_muzzleFlash3.prefab
  artifactKey: Guid(ecc6f4bdeff118b42a095181d6a9c059) Importer(815301076,1909f56bfc062723c751e8b465ee728b)
Start importing Assets/Mirza Beig/Particle Systems/Inferno VFX/Prefabs/Oneshot/pf_vfx-inf_psys_demo_oneshot_muzzleFlash3.prefab using Guid(ecc6f4bdeff118b42a095181d6a9c059) Importer(815301076,1909f56bfc062723c751e8b465ee728b)  -> (artifact id: '8b33278c9c535af0b9fc374716ee5157') in 0.007410 seconds
  Import took 0.012285 seconds .

========================================================================
Received Import Request.
  Time since last request: 0.000318 seconds.
  path: Assets/Mirza Beig/Particle Systems/Inferno VFX/Prefabs/Oneshot/pf_vfx-inf_psys_demo_oneshot_explosion2.prefab
  artifactKey: Guid(672620c6b6ae9cb4db7d1273e65bbc95) Importer(815301076,1909f56bfc062723c751e8b465ee728b)
Start importing Assets/Mirza Beig/Particle Systems/Inferno VFX/Prefabs/Oneshot/pf_vfx-inf_psys_demo_oneshot_explosion2.prefab using Guid(672620c6b6ae9cb4db7d1273e65bbc95) Importer(815301076,1909f56bfc062723c751e8b465ee728b)  -> (artifact id: '51c6fa785e2665963365cbf33c2979f7') in 0.009468 seconds
  Import took 0.015559 seconds .

========================================================================
Received Import Request.
  Time since last request: 0.000490 seconds.
  path: Assets/Mirza Beig/Particle Systems/Inferno VFX/Prefabs/Oneshot/pf_vfx-inf_psys_demo_oneshot_breathOfFire2.prefab
  artifactKey: Guid(859314aa1e89231498b3eea18904b91e) Importer(815301076,1909f56bfc062723c751e8b465ee728b)
Start importing Assets/Mirza Beig/Particle Systems/Inferno VFX/Prefabs/Oneshot/pf_vfx-inf_psys_demo_oneshot_breathOfFire2.prefab using Guid(859314aa1e89231498b3eea18904b91e) Importer(815301076,1909f56bfc062723c751e8b465ee728b)  -> (artifact id: 'b188efe9bfbcaa1c2e344d685cfde5dd') in 0.007254 seconds
  Import took 0.012507 seconds .

========================================================================
Received Import Request.
  Time since last request: 0.000313 seconds.
  path: Assets/Mirza Beig/Particle Systems/Inferno VFX/Prefabs/Oneshot/pf_vfx-inf_psys_demo_oneshot_explosion-large.prefab
  artifactKey: Guid(805832771bf9f5f48bead8310975480e) Importer(815301076,1909f56bfc062723c751e8b465ee728b)
Start importing Assets/Mirza Beig/Particle Systems/Inferno VFX/Prefabs/Oneshot/pf_vfx-inf_psys_demo_oneshot_explosion-large.prefab using Guid(805832771bf9f5f48bead8310975480e) Importer(815301076,1909f56bfc062723c751e8b465ee728b)  -> (artifact id: 'b8812b5e4f75771df6490979f8f22256') in 0.021991 seconds
  Import took 0.029032 seconds .

========================================================================
Received Import Request.
  Time since last request: 0.001003 seconds.
  path: Assets/Mirza Beig/Particle Systems/Inferno VFX/Prefabs/Oneshot/pf_vfx-inf_psys_demo_oneshot_explosion3.prefab
  artifactKey: Guid(47f1f84820c8bd34cb7792089162f970) Importer(815301076,1909f56bfc062723c751e8b465ee728b)
Start importing Assets/Mirza Beig/Particle Systems/Inferno VFX/Prefabs/Oneshot/pf_vfx-inf_psys_demo_oneshot_explosion3.prefab using Guid(47f1f84820c8bd34cb7792089162f970) Importer(815301076,1909f56bfc062723c751e8b465ee728b)  -> (artifact id: '85cde1d4a5d570bab0a3a86dc3140e85') in 0.006817 seconds
  Import took 0.013498 seconds .

========================================================================
Received Import Request.
  Time since last request: 0.000082 seconds.
  path: Assets/Mirza Beig/Particle Systems/Inferno VFX/Prefabs/Oneshot/pf_vfx-inf_psys_demo_oneshot_hitBubbles.prefab
  artifactKey: Guid(ef7b38a9199f2cb4cbbc8406683bf370) Importer(815301076,1909f56bfc062723c751e8b465ee728b)
Start importing Assets/Mirza Beig/Particle Systems/Inferno VFX/Prefabs/Oneshot/pf_vfx-inf_psys_demo_oneshot_hitBubbles.prefab using Guid(ef7b38a9199f2cb4cbbc8406683bf370) Importer(815301076,1909f56bfc062723c751e8b465ee728b)  -> (artifact id: '26f1747e3bca7f17890c43dcc945fcfb') in 0.006352 seconds
  Import took 0.012242 seconds .

========================================================================
Received Import Request.
  Time since last request: 0.000308 seconds.
  path: Assets/Mirza Beig/Particle Systems/Inferno VFX/Prefabs/Oneshot/pf_vfx-inf_psys_demo_oneshot_flashBang-add-x2.prefab
  artifactKey: Guid(c70008338b49b7f46bc19adc50b5afd0) Importer(815301076,1909f56bfc062723c751e8b465ee728b)
Start importing Assets/Mirza Beig/Particle Systems/Inferno VFX/Prefabs/Oneshot/pf_vfx-inf_psys_demo_oneshot_flashBang-add-x2.prefab using Guid(c70008338b49b7f46bc19adc50b5afd0) Importer(815301076,1909f56bfc062723c751e8b465ee728b)  -> (artifact id: 'd2d1eefe9e9fe9b817ddae362f680934') in 0.008182 seconds
  Import took 0.013437 seconds .

========================================================================
Received Import Request.
  Time since last request: 0.000359 seconds.
  path: Assets/Mirza Beig/Particle Systems/Inferno VFX/Prefabs/Oneshot/pf_vfx-inf_psys_demo_oneshot_hitBubbles2.prefab
  artifactKey: Guid(34f73a9809714754183ee40af779ea11) Importer(815301076,1909f56bfc062723c751e8b465ee728b)
Start importing Assets/Mirza Beig/Particle Systems/Inferno VFX/Prefabs/Oneshot/pf_vfx-inf_psys_demo_oneshot_hitBubbles2.prefab using Guid(34f73a9809714754183ee40af779ea11) Importer(815301076,1909f56bfc062723c751e8b465ee728b)  -> (artifact id: '699af3eeffa6b3f87aabc9368e34501a') in 0.009200 seconds
  Import took 0.013397 seconds .

========================================================================
Received Import Request.
  Time since last request: 0.000311 seconds.
  path: Assets/Mirza Beig/Particle Systems/Inferno VFX/Prefabs/Oneshot/pf_vfx-inf_psys_demo_oneshot_comicExplosion3-x5.prefab
  artifactKey: Guid(07f3658dbe182a540813a922f2cacc41) Importer(815301076,1909f56bfc062723c751e8b465ee728b)
Start importing Assets/Mirza Beig/Particle Systems/Inferno VFX/Prefabs/Oneshot/pf_vfx-inf_psys_demo_oneshot_comicExplosion3-x5.prefab using Guid(07f3658dbe182a540813a922f2cacc41) Importer(815301076,1909f56bfc062723c751e8b465ee728b)  -> (artifact id: '49cbf494a6f8788f009f6bdb5ec1beb4') in 0.007327 seconds
  Import took 0.011948 seconds .

========================================================================
Received Import Request.
  Time since last request: 0.000346 seconds.
  path: Assets/Mirza Beig/Particle Systems/Inferno VFX/Prefabs/Oneshot/pf_vfx-inf_psys_demo_oneshot_explosion3-large.prefab
  artifactKey: Guid(93e368dcf2e6b014b90a4bce43ae962b) Importer(815301076,1909f56bfc062723c751e8b465ee728b)
Start importing Assets/Mirza Beig/Particle Systems/Inferno VFX/Prefabs/Oneshot/pf_vfx-inf_psys_demo_oneshot_explosion3-large.prefab using Guid(93e368dcf2e6b014b90a4bce43ae962b) Importer(815301076,1909f56bfc062723c751e8b465ee728b)  -> (artifact id: '95ca2fb88b69405269782602320b0cbf') in 0.015121 seconds
  Import took 0.019914 seconds .

========================================================================
Received Import Request.
  Time since last request: 0.000327 seconds.
  path: Assets/Mirza Beig/Particle Systems/Inferno VFX/Prefabs/Oneshot/pf_vfx-inf_psys_demo_oneshot_comicExplosion3-x2.prefab
  artifactKey: Guid(045fd796ef4a1bb42bfcef7308acbeb1) Importer(815301076,1909f56bfc062723c751e8b465ee728b)
Start importing Assets/Mirza Beig/Particle Systems/Inferno VFX/Prefabs/Oneshot/pf_vfx-inf_psys_demo_oneshot_comicExplosion3-x2.prefab using Guid(045fd796ef4a1bb42bfcef7308acbeb1) Importer(815301076,1909f56bfc062723c751e8b465ee728b)  -> (artifact id: 'c54cb5fef18bd9b5c3633ba9e5f49ed7') in 0.009649 seconds
  Import took 0.014873 seconds .

========================================================================
Received Import Request.
  Time since last request: 0.000530 seconds.
  path: Assets/Mirza Beig/Particle Systems/Inferno VFX/Prefabs/Oneshot/pf_vfx-inf_psys_demo_oneshot_plasmaBurst2.prefab
  artifactKey: Guid(100825076f5964c47967e7d91b92352b) Importer(815301076,1909f56bfc062723c751e8b465ee728b)
Start importing Assets/Mirza Beig/Particle Systems/Inferno VFX/Prefabs/Oneshot/pf_vfx-inf_psys_demo_oneshot_plasmaBurst2.prefab using Guid(100825076f5964c47967e7d91b92352b) Importer(815301076,1909f56bfc062723c751e8b465ee728b)  -> (artifact id: '37342b610f65f0b04be2761ab26aa610') in 0.008276 seconds
  Import took 0.013126 seconds .

========================================================================
Received Import Request.
  Time since last request: 0.000233 seconds.
  path: Assets/Mirza Beig/Particle Systems/Inferno VFX/Prefabs/Oneshot/pf_vfx-inf_psys_demo_oneshot_flashBang2-add.prefab
  artifactKey: Guid(d59c5b7258646f14c9a6b0f832338741) Importer(815301076,1909f56bfc062723c751e8b465ee728b)
Start importing Assets/Mirza Beig/Particle Systems/Inferno VFX/Prefabs/Oneshot/pf_vfx-inf_psys_demo_oneshot_flashBang2-add.prefab using Guid(d59c5b7258646f14c9a6b0f832338741) Importer(815301076,1909f56bfc062723c751e8b465ee728b)  -> (artifact id: '8f268e14138994302f640163e9dbc4de') in 0.005782 seconds
  Import took 0.011700 seconds .

========================================================================
Received Import Request.
  Time since last request: 0.000389 seconds.
  path: Assets/Mirza Beig/Particle Systems/Inferno VFX/Prefabs/Oneshot/pf_vfx-inf_psys_demo_oneshot_ultranova.prefab
  artifactKey: Guid(f2c99a7a0d01a3a4ba22d71d44365e92) Importer(815301076,1909f56bfc062723c751e8b465ee728b)
Start importing Assets/Mirza Beig/Particle Systems/Inferno VFX/Prefabs/Oneshot/pf_vfx-inf_psys_demo_oneshot_ultranova.prefab using Guid(f2c99a7a0d01a3a4ba22d71d44365e92) Importer(815301076,1909f56bfc062723c751e8b465ee728b)  -> (artifact id: '3361593ebe36465d362b4535d4f485dd') in 0.021410 seconds
  Import took 0.028818 seconds .

========================================================================
Received Import Request.
  Time since last request: 0.000311 seconds.
  path: Assets/Mirza Beig/Particle Systems/Inferno VFX/Prefabs/Oneshot/pf_vfx-inf_psys_demo_oneshot_plasmaBurst.prefab
  artifactKey: Guid(ba12172cb4f25b64f8a98c84984fa559) Importer(815301076,1909f56bfc062723c751e8b465ee728b)
Start importing Assets/Mirza Beig/Particle Systems/Inferno VFX/Prefabs/Oneshot/pf_vfx-inf_psys_demo_oneshot_plasmaBurst.prefab using Guid(ba12172cb4f25b64f8a98c84984fa559) Importer(815301076,1909f56bfc062723c751e8b465ee728b)  -> (artifact id: '10064b57da3c782ab0cff26ae5efe528') in 0.008144 seconds
  Import took 0.012192 seconds .

========================================================================
Received Import Request.
  Time since last request: 0.000484 seconds.
  path: Assets/Mirza Beig/Particle Systems/Inferno VFX/Prefabs/Oneshot/pf_vfx-inf_psys_demo_oneshot_flashBang3-add-x2.prefab
  artifactKey: Guid(a213197df4386314384fb25ce0ce67f7) Importer(815301076,1909f56bfc062723c751e8b465ee728b)
Start importing Assets/Mirza Beig/Particle Systems/Inferno VFX/Prefabs/Oneshot/pf_vfx-inf_psys_demo_oneshot_flashBang3-add-x2.prefab using Guid(a213197df4386314384fb25ce0ce67f7) Importer(815301076,1909f56bfc062723c751e8b465ee728b)  -> (artifact id: '1031d438d91f29f74f8ce35ccab4cda2') in 0.011977 seconds
  Import took 0.017917 seconds .

========================================================================
Received Import Request.
  Time since last request: 0.000376 seconds.
  path: Assets/Mirza Beig/Particle Systems/Inferno VFX/Prefabs/Oneshot/pf_vfx-inf_psys_demo_oneshot_comicExplosion-x5.prefab
  artifactKey: Guid(baf355be516e61f4c9240bce0287fb7b) Importer(815301076,1909f56bfc062723c751e8b465ee728b)
Start importing Assets/Mirza Beig/Particle Systems/Inferno VFX/Prefabs/Oneshot/pf_vfx-inf_psys_demo_oneshot_comicExplosion-x5.prefab using Guid(baf355be516e61f4c9240bce0287fb7b) Importer(815301076,1909f56bfc062723c751e8b465ee728b)  -> (artifact id: '7bf6085be6374ba4f8528bd922346470') in 0.007358 seconds
  Import took 0.013595 seconds .

========================================================================
Received Import Request.
  Time since last request: 0.000365 seconds.
  path: Assets/Mirza Beig/Particle Systems/Inferno VFX/Prefabs/Oneshot/pf_vfx-inf_psys_demo_oneshot_comicExplosion2.prefab
  artifactKey: Guid(9d971b7d62d181e498b06205237d8c34) Importer(815301076,1909f56bfc062723c751e8b465ee728b)
Start importing Assets/Mirza Beig/Particle Systems/Inferno VFX/Prefabs/Oneshot/pf_vfx-inf_psys_demo_oneshot_comicExplosion2.prefab using Guid(9d971b7d62d181e498b06205237d8c34) Importer(815301076,1909f56bfc062723c751e8b465ee728b)  -> (artifact id: '9a86e2556fc4ddc8b8659fd527e0d53a') in 0.007366 seconds
  Import took 0.013735 seconds .

========================================================================
Received Import Request.
  Time since last request: 0.000808 seconds.
  path: Assets/Mirza Beig/Particle Systems/Inferno VFX/Prefabs/Oneshot/pf_vfx-inf_psys_demo_oneshot_shockwaveBlast3.prefab
  artifactKey: Guid(e2bdfc5c063801e49b640c7babddaf89) Importer(815301076,1909f56bfc062723c751e8b465ee728b)
Start importing Assets/Mirza Beig/Particle Systems/Inferno VFX/Prefabs/Oneshot/pf_vfx-inf_psys_demo_oneshot_shockwaveBlast3.prefab using Guid(e2bdfc5c063801e49b640c7babddaf89) Importer(815301076,1909f56bfc062723c751e8b465ee728b)  -> (artifact id: 'c7e33e57f0c6ad2132d5bf57fb39a08b') in 0.008093 seconds
  Import took 0.014213 seconds .

========================================================================
Received Import Request.
  Time since last request: 0.000454 seconds.
  path: Assets/Mirza Beig/Particle Systems/Inferno VFX/Prefabs/Oneshot/pf_vfx-inf_psys_demo_oneshot_shockwaveBlast2.prefab
  artifactKey: Guid(f0d29fa69f564d741ab9e0d37e7b98b3) Importer(815301076,1909f56bfc062723c751e8b465ee728b)
Start importing Assets/Mirza Beig/Particle Systems/Inferno VFX/Prefabs/Oneshot/pf_vfx-inf_psys_demo_oneshot_shockwaveBlast2.prefab using Guid(f0d29fa69f564d741ab9e0d37e7b98b3) Importer(815301076,1909f56bfc062723c751e8b465ee728b)  -> (artifact id: '689c38378df5c612f7a18c0fb2d1b244') in 0.015207 seconds
  Import took 0.022342 seconds .

========================================================================
Received Import Request.
  Time since last request: 0.000349 seconds.
  path: Assets/Mirza Beig/Particle Systems/Inferno VFX/Prefabs/Oneshot/pf_vfx-inf_psys_demo_oneshot_muzzleFlash2.prefab
  artifactKey: Guid(f384f935e647d9441b3eb65a4aa557dc) Importer(815301076,1909f56bfc062723c751e8b465ee728b)
Start importing Assets/Mirza Beig/Particle Systems/Inferno VFX/Prefabs/Oneshot/pf_vfx-inf_psys_demo_oneshot_muzzleFlash2.prefab using Guid(f384f935e647d9441b3eb65a4aa557dc) Importer(815301076,1909f56bfc062723c751e8b465ee728b)  -> (artifact id: 'e7934dca55171c6a9d20f73531b21b1b') in 0.010609 seconds
  Import took 0.014501 seconds .

========================================================================
Received Import Request.
  Time since last request: 0.000307 seconds.
  path: Assets/Mirza Beig/Particle Systems/Inferno VFX/Prefabs/Oneshot/pf_vfx-inf_psys_demo_oneshot_comicExplosion.prefab
  artifactKey: Guid(0a96672b0252c634bb04d1f59f57fb5d) Importer(815301076,1909f56bfc062723c751e8b465ee728b)
Start importing Assets/Mirza Beig/Particle Systems/Inferno VFX/Prefabs/Oneshot/pf_vfx-inf_psys_demo_oneshot_comicExplosion.prefab using Guid(0a96672b0252c634bb04d1f59f57fb5d) Importer(815301076,1909f56bfc062723c751e8b465ee728b)  -> (artifact id: 'fce5d1c1bbe5e4bb7d4eb2502d2e5da0') in 0.007614 seconds
  Import took 0.014801 seconds .

========================================================================
Received Prepare
Registering precompiled user dll's ...
Registered in 0.002972 seconds.
Begin MonoManager ReloadAssembly
Native extension for WindowsStandalone target not found
Refreshing native plugins compatible for Editor in 1.72 ms, found 0 plugins.
Preloading 0 native plugins for Editor in 0.00 ms.
Mono: successfully reloaded assembly
- Completed reload, in  1.315 seconds
Platform modules already initialized, skipping
Refreshing native plugins compatible for Editor in 0.79 ms, found 0 plugins.
Preloading 0 native plugins for Editor in 0.00 ms.
Unloading 1645 Unused Serialized files (Serialized files now loaded: 0)
System memory in use before: 76.4 MB.
System memory in use after: 76.5 MB.

Unloading 33 unused Assets to reduce memory usage. Loaded Objects now: 2100.
Total: 6.838700 ms (FindLiveObjects: 0.377700 ms CreateObjectMapping: 0.061600 ms MarkObjects: 6.365900 ms  DeleteObjects: 0.031900 ms)

========================================================================
Received Import Request.
  Time since last request: 58.462168 seconds.
  path: ProjectSettings/TagManager.asset
  artifactKey: Guid(00000000000000003000000000000000) Importer(815301076,1909f56bfc062723c751e8b465ee728b)
Start importing ProjectSettings/TagManager.asset using Guid(00000000000000003000000000000000) Importer(815301076,1909f56bfc062723c751e8b465ee728b)  -> (artifact id: '72ccc21b93635bedac6380c6e0170b65') in 0.021892 seconds
  Import took 0.026093 seconds .

========================================================================
Received Import Request.
  Time since last request: 10.632127 seconds.
  path: Assets/Stylized Vehicles Pack/Prefabs/Combined/Car5_LOD_combined.prefab
  artifactKey: Guid(e133396edcceac94cbecf9ba5c451fc2) Importer(815301076,1909f56bfc062723c751e8b465ee728b)
Start importing Assets/Stylized Vehicles Pack/Prefabs/Combined/Car5_LOD_combined.prefab using Guid(e133396edcceac94cbecf9ba5c451fc2) Importer(815301076,1909f56bfc062723c751e8b465ee728b)  -> (artifact id: '93ffce11a39d91f0fcaf7abb732c70d1') in 0.212173 seconds
  Import took 0.216331 seconds .

========================================================================
Received Prepare
Registering precompiled user dll's ...
Registered in 0.003026 seconds.
Begin MonoManager ReloadAssembly
Native extension for WindowsStandalone target not found
Refreshing native plugins compatible for Editor in 1.25 ms, found 0 plugins.
Preloading 0 native plugins for Editor in 0.00 ms.
Mono: successfully reloaded assembly
- Completed reload, in  1.153 seconds
Platform modules already initialized, skipping
Refreshing native plugins compatible for Editor in 0.84 ms, found 0 plugins.
Preloading 0 native plugins for Editor in 0.00 ms.
Unloading 1645 Unused Serialized files (Serialized files now loaded: 0)
System memory in use before: 76.4 MB.
System memory in use after: 76.6 MB.

Unloading 34 unused Assets to reduce memory usage. Loaded Objects now: 2104.
Total: 9.635400 ms (FindLiveObjects: 0.317500 ms CreateObjectMapping: 0.065700 ms MarkObjects: 9.221600 ms  DeleteObjects: 0.029000 ms)

========================================================================
Received Import Request.
  Time since last request: 102.483519 seconds.
  path: Assets/Mirza Beig/Particle Systems/Inferno VFX/Prefabs/Oneshot/pf_vfx-inf_psys_demo_oneshot_ancient.prefab
  artifactKey: Guid(03ae7ce3c7c64ec42a63747fbf8cd5f6) Importer(815301076,1909f56bfc062723c751e8b465ee728b)
Start importing Assets/Mirza Beig/Particle Systems/Inferno VFX/Prefabs/Oneshot/pf_vfx-inf_psys_demo_oneshot_ancient.prefab using Guid(03ae7ce3c7c64ec42a63747fbf8cd5f6) Importer(815301076,1909f56bfc062723c751e8b465ee728b)  -> (artifact id: '6367884abfcbf81f319d41b95d0bc24c') in 0.034844 seconds
  Import took 0.038444 seconds .

========================================================================
Received Prepare
Registering precompiled user dll's ...
Registered in 0.002728 seconds.
Begin MonoManager ReloadAssembly
Native extension for WindowsStandalone target not found
Refreshing native plugins compatible for Editor in 1.06 ms, found 0 plugins.
Preloading 0 native plugins for Editor in 0.00 ms.
Mono: successfully reloaded assembly
- Completed reload, in  1.299 seconds
Platform modules already initialized, skipping
Refreshing native plugins compatible for Editor in 0.75 ms, found 0 plugins.
Preloading 0 native plugins for Editor in 0.00 ms.
Unloading 1645 Unused Serialized files (Serialized files now loaded: 0)
System memory in use before: 76.4 MB.
System memory in use after: 76.5 MB.

Unloading 33 unused Assets to reduce memory usage. Loaded Objects now: 2107.
Total: 6.706000 ms (FindLiveObjects: 0.295300 ms CreateObjectMapping: 0.061500 ms MarkObjects: 6.317300 ms  DeleteObjects: 0.030200 ms)

========================================================================
Received Prepare
Registering precompiled user dll's ...
Registered in 0.002043 seconds.
Begin MonoManager ReloadAssembly
Native extension for WindowsStandalone target not found
Refreshing native plugins compatible for Editor in 0.75 ms, found 0 plugins.
Preloading 0 native plugins for Editor in 0.00 ms.
Mono: successfully reloaded assembly
- Completed reload, in  1.212 seconds
Platform modules already initialized, skipping
Refreshing native plugins compatible for Editor in 1.10 ms, found 0 plugins.
Preloading 0 native plugins for Editor in 0.00 ms.
Unloading 1645 Unused Serialized files (Serialized files now loaded: 0)
System memory in use before: 76.4 MB.
System memory in use after: 76.6 MB.

Unloading 33 unused Assets to reduce memory usage. Loaded Objects now: 2110.
Total: 6.737600 ms (FindLiveObjects: 0.363500 ms CreateObjectMapping: 0.092700 ms MarkObjects: 6.248600 ms  DeleteObjects: 0.031500 ms)

========================================================================
Received Import Request.
  Time since last request: 69.211181 seconds.
  path: Assets/Mirza Beig/Particle Systems/Inferno VFX/Scenes/1 - Inferno VFX (Demo)/LightingData.asset
  artifactKey: Guid(aee62671608233d468d6306fd7e0d8be) Importer(815301076,1909f56bfc062723c751e8b465ee728b)
Start importing Assets/Mirza Beig/Particle Systems/Inferno VFX/Scenes/1 - Inferno VFX (Demo)/LightingData.asset using Guid(aee62671608233d468d6306fd7e0d8be) Importer(815301076,1909f56bfc062723c751e8b465ee728b) Lighting data asset LightingData is inconsistent because 2 files out of 10 are missing.  Please use Generate Lighting to rebuild the lighting data.

Lighting data asset LightingData is incompatible with the current Unity version. Please use Generate Lighting to rebuild the lighting data.  Realtime Global Illumination cannot be used until the lighting data is rebuilt.

 -> (artifact id: '3425ba7c844e3437aa09cb876fccf33a') in 0.032921 seconds
  Import took 0.037652 seconds .

========================================================================
Received Import Request.
  Time since last request: 0.000279 seconds.
  path: Assets/Mirza Beig/Particle Systems/Inferno VFX/Scenes/1 - Inferno VFX (Demo)/Lightmap-0_comp_light.exr
  artifactKey: Guid(ec06430a1b3f8f1458e1c35b503c821f) Importer(815301076,1909f56bfc062723c751e8b465ee728b)
Start importing Assets/Mirza Beig/Particle Systems/Inferno VFX/Scenes/1 - Inferno VFX (Demo)/Lightmap-0_comp_light.exr using Guid(ec06430a1b3f8f1458e1c35b503c821f) Importer(815301076,1909f56bfc062723c751e8b465ee728b)  -> (artifact id: '50d3a935d7f79290d0894eec9b2e3dcf') in 0.102910 seconds
  Import took 0.107263 seconds .

========================================================================
Received Import Request.
  Time since last request: 0.000294 seconds.
  path: Assets/Mirza Beig/Particle Systems/Inferno VFX/Scenes/1 - Inferno VFX (Demo)/Lightmap-1_comp_light.exr
  artifactKey: Guid(5c0c4a6da15094a419b9231fd0400baf) Importer(815301076,1909f56bfc062723c751e8b465ee728b)
Start importing Assets/Mirza Beig/Particle Systems/Inferno VFX/Scenes/1 - Inferno VFX (Demo)/Lightmap-1_comp_light.exr using Guid(5c0c4a6da15094a419b9231fd0400baf) Importer(815301076,1909f56bfc062723c751e8b465ee728b)  -> (artifact id: '788778eaebbb5ad729362d6ed2c7d6aa') in 0.013413 seconds
  Import took 0.017739 seconds .

========================================================================
Received Prepare
Registering precompiled user dll's ...
Registered in 0.005080 seconds.
Begin MonoManager ReloadAssembly
Native extension for WindowsStandalone target not found
Refreshing native plugins compatible for Editor in 1.01 ms, found 0 plugins.
Preloading 0 native plugins for Editor in 0.00 ms.
Mono: successfully reloaded assembly
- Completed reload, in  1.334 seconds
Platform modules already initialized, skipping
Refreshing native plugins compatible for Editor in 0.70 ms, found 0 plugins.
Preloading 0 native plugins for Editor in 0.00 ms.
Unloading 1645 Unused Serialized files (Serialized files now loaded: 0)
System memory in use before: 76.6 MB.
System memory in use after: 76.7 MB.

Unloading 33 unused Assets to reduce memory usage. Loaded Objects now: 2115.
Total: 7.027000 ms (FindLiveObjects: 0.347300 ms CreateObjectMapping: 0.072900 ms MarkObjects: 6.579400 ms  DeleteObjects: 0.025400 ms)

========================================================================
Received Prepare
Registering precompiled user dll's ...
Registered in 0.002758 seconds.
Begin MonoManager ReloadAssembly
Native extension for WindowsStandalone target not found
Refreshing native plugins compatible for Editor in 0.91 ms, found 0 plugins.
Preloading 0 native plugins for Editor in 0.00 ms.
Mono: successfully reloaded assembly
- Completed reload, in  1.379 seconds
Platform modules already initialized, skipping
Refreshing native plugins compatible for Editor in 1.09 ms, found 0 plugins.
Preloading 0 native plugins for Editor in 0.00 ms.
Unloading 1645 Unused Serialized files (Serialized files now loaded: 0)
System memory in use before: 76.6 MB.
System memory in use after: 76.7 MB.

Unloading 33 unused Assets to reduce memory usage. Loaded Objects now: 2118.
Total: 6.935100 ms (FindLiveObjects: 0.310600 ms CreateObjectMapping: 0.055300 ms MarkObjects: 6.535100 ms  DeleteObjects: 0.032400 ms)

========================================================================
Received Prepare
Registering precompiled user dll's ...
Registered in 0.002291 seconds.
Begin MonoManager ReloadAssembly
Native extension for WindowsStandalone target not found
Refreshing native plugins compatible for Editor in 1.03 ms, found 0 plugins.
Preloading 0 native plugins for Editor in 0.00 ms.
Mono: successfully reloaded assembly
- Completed reload, in  1.292 seconds
Platform modules already initialized, skipping
Refreshing native plugins compatible for Editor in 0.70 ms, found 0 plugins.
Preloading 0 native plugins for Editor in 0.00 ms.
Unloading 1645 Unused Serialized files (Serialized files now loaded: 0)
System memory in use before: 76.6 MB.
System memory in use after: 76.7 MB.

Unloading 33 unused Assets to reduce memory usage. Loaded Objects now: 2121.
Total: 6.341600 ms (FindLiveObjects: 0.281800 ms CreateObjectMapping: 0.054500 ms MarkObjects: 5.973800 ms  DeleteObjects: 0.030000 ms)

AssetImportWorkerClient::OnTransportError - code=2 error=End of file
